Started at Sat Mar 05 17:13:43 UTC 2022
Processing websitevisit
Offering websitevisit to Project Build Discarder
Finished at Sat Mar 05 17:13:43 UTC 2022. 5ms
Started at Sat Mar 05 18:13:43 UTC 2022
Processing websitevisit
Offering websitevisit to Project Build Discarder
Finished at Sat Mar 05 18:13:43 UTC 2022. 3ms
Started at Sat Mar 05 19:13:43 UTC 2022
Processing websitevisit
Offering websitevisit to Project Build Discarder
Finished at Sat Mar 05 19:13:43 UTC 2022. 0ms
Started at Sat Mar 05 20:13:43 UTC 2022
Processing websitevisit
Offering websitevisit to Project Build Discarder
Finished at Sat Mar 05 20:13:43 UTC 2022. 1ms
Started at Sat Mar 05 21:13:43 UTC 2022
Processing websitevisit
Offering websitevisit to Project Build Discarder
Finished at Sat Mar 05 21:13:43 UTC 2022. 1ms
Started at Sat Mar 05 22:13:43 UTC 2022
Processing websitevisit
Offering websitevisit to Project Build Discarder
Finished at Sat Mar 05 22:13:43 UTC 2022. 0ms
Started at Sat Mar 05 23:13:43 UTC 2022
Processing websitevisit
Offering websitevisit to Project Build Discarder
Finished at Sat Mar 05 23:13:43 UTC 2022. 1ms
Started at Sun Mar 06 00:13:43 UTC 2022
Processing websitevisit
Offering websitevisit to Project Build Discarder
Finished at Sun Mar 06 00:13:43 UTC 2022. 1ms
Started at Sun Mar 06 01:13:43 UTC 2022
Processing websitevisit
Offering websitevisit to Project Build Discarder
Finished at Sun Mar 06 01:13:43 UTC 2022. 2ms
Started at Sun Mar 06 02:13:43 UTC 2022
Processing websitevisit
Offering websitevisit to Project Build Discarder
Finished at Sun Mar 06 02:13:43 UTC 2022. 1ms
Started at Sun Mar 06 03:13:43 UTC 2022
Processing websitevisit
Offering websitevisit to Project Build Discarder
Finished at Sun Mar 06 03:13:43 UTC 2022. 1ms
Started at Sun Mar 06 04:13:43 UTC 2022
Processing websitevisit
Offering websitevisit to Project Build Discarder
Finished at Sun Mar 06 04:13:43 UTC 2022. 1ms
Started at Sun Mar 06 05:13:43 UTC 2022
Processing websitevisit
Offering websitevisit to Project Build Discarder
Finished at Sun Mar 06 05:13:43 UTC 2022. 1ms
Started at Sun Mar 06 06:13:43 UTC 2022
Processing websitevisit
Offering websitevisit to Project Build Discarder
Finished at Sun Mar 06 06:13:43 UTC 2022. 1ms
Started at Sun Mar 06 07:13:43 UTC 2022
Processing websitevisit
Offering websitevisit to Project Build Discarder
Finished at Sun Mar 06 07:13:43 UTC 2022. 1ms
Started at Sun Mar 06 08:13:43 UTC 2022
Processing websitevisit
Offering websitevisit to Project Build Discarder
Finished at Sun Mar 06 08:13:43 UTC 2022. 2ms
Started at Sun Mar 06 09:13:43 UTC 2022
Processing websitevisit
Offering websitevisit to Project Build Discarder
Finished at Sun Mar 06 09:13:43 UTC 2022. 1ms
Started at Sun Mar 06 10:13:43 UTC 2022
Processing websitevisit
Offering websitevisit to Project Build Discarder
Processing webserver/dev
Offering webserver/dev to Project Build Discarder
Processing webserver/master
Offering webserver/master to Project Build Discarder
Finished at Sun Mar 06 10:13:43 UTC 2022. 1ms
